<?xml version="1.0" encoding="UTF-8"?>
<testng-results ignored="0" total="1" passed="1" failed="0" skipped="0">
  <reporter-output>
  </reporter-output>
  <suite started-at="2025-05-06T23:06:54 IST" name="Suite" finished-at="2025-05-06T23:07:39 IST" duration-ms="44938">
    <groups>
    </groups>
    <test started-at="2025-05-06T23:06:54 IST" name="Test" finished-at="2025-05-06T23:07:39 IST" duration-ms="44938">
      <class name="testExecution.Demoblaze.TestPage">
        <test-method is-config="true" signature="startTest()[pri:0, instance:testExecution.Demoblaze.TestPage@229f66ed]" started-at="2025-05-06T23:06:54 IST" name="startTest" finished-at="2025-05-06T23:06:54 IST" duration-ms="324" status="PASS">
          <reporter-output>
          </reporter-output>
        </test-method> <!-- startTest -->
        <test-method is-config="true" signature="initializeDriver(java.lang.String)[pri:0, instance:testExecution.Demoblaze.TestPage@229f66ed]" started-at="2025-05-06T23:06:54 IST" name="initializeDriver" finished-at="2025-05-06T23:07:01 IST" duration-ms="7065" status="PASS">
          <params>
            <param index="0">
              <value>
                <![CDATA[Chrome]]>
              </value>
            </param>
          </params>
          <reporter-output>
          </reporter-output>
        </test-method> <!-- initializeDriver -->
        <test-method signature="TC_EndToEndTest()[pri:0, instance:testExecution.Demoblaze.TestPage@229f66ed]" started-at="2025-05-06T23:07:01 IST" name="TC_EndToEndTest" finished-at="2025-05-06T23:07:37 IST" duration-ms="35964" status="PASS">
          <reporter-output>
          </reporter-output>
        </test-method> <!-- TC_EndToEndTest -->
        <test-method is-config="true" signature="closeDriver()[pri:0, instance:testExecution.Demoblaze.TestPage@229f66ed]" started-at="2025-05-06T23:07:37 IST" name="closeDriver" finished-at="2025-05-06T23:07:38 IST" duration-ms="1091" status="PASS">
          <reporter-output>
          </reporter-output>
        </test-method> <!-- closeDriver -->
        <test-method is-config="true" signature="endTest()[pri:0, instance:testExecution.Demoblaze.TestPage@229f66ed]" started-at="2025-05-06T23:07:38 IST" name="endTest" finished-at="2025-05-06T23:07:39 IST" duration-ms="411" status="PASS">
          <reporter-output>
          </reporter-output>
        </test-method> <!-- endTest -->
      </class> <!-- testExecution.Demoblaze.TestPage -->
    </test> <!-- Test -->
  </suite> <!-- Suite -->
</testng-results>
